[27pro2025 00:29:01.743] [Render thread/INFO] [Configured/]: Registering config factory for mod jei_integration_reborn. Found 1 config(s)
[27pro2025 00:29:01.743] [Render thread/INFO] [Configured/]: Registering config factory for mod bibliocraft. Found 1 config(s)
[27pro2025 00:29:01.743] [Render thread/INFO] [Configured/]: Registering config factory for mod dndesires. Found 2 config(s)
[27pro2025 00:29:01.743] [Render thread/INFO] [Configured/]: Registering config factory for mod create_ae2recipes. Found 1 config(s)
[27pro2025 00:29:01.744] [Render thread/INFO] [Configured/]: Registering config factory for mod corpsecurioscompat. Found 1 config(s)
[27pro2025 00:29:01.744] [Render thread/INFO] [Configured/]: Registering config factory for mod extradisks. Found 1 config(s)
[27pro2025 00:29:01.744] [Render thread/INFO] [Configured/]: Registering config factory for mod rftoolspower. Found 1 config(s)
[27pro2025 00:29:01.745] [Render thread/INFO] [Configured/]: Registering config factory for mod pamhc2crops. Found 1 config(s)
[27pro2025 00:29:01.745] [Render thread/INFO] [Configured/]: Registering config factory for mod rftoolsbuilder. Found 2 config(s)
[27pro2025 00:29:01.747] [Render thread/INFO] [Configured/]: Registering config factory for mod flywheel. Found 1 config(s)
[27pro2025 00:29:01.748] [Render thread/INFO] [Configured/]: Registering config factory for mod ae2ct. Found 1 config(s)
[27pro2025 00:29:01.748] [Render thread/INFO] [Configured/]: Registering config factory for mod morered. Found 2 config(s)
[27pro2025 00:29:01.748] [Render thread/INFO] [Configured/]: Registering config factory for mod sophisticatedcore. Found 2 config(s)
[27pro2025 00:29:01.748] [Render thread/INFO] [Configured/]: Registering config factory for mod mekaweapons. Found 1 config(s)
[27pro2025 00:29:01.749] [Render thread/INFO] [Configured/]: Registering config factory for mod sophisticatedbackpacks. Found 2 config(s)
[27pro2025 00:29:01.750] [Render thread/INFO] [Configured/]: Registering config factory for mod rsinfinitybooster. Found 1 config(s)
[27pro2025 00:29:01.751] [Render thread/INFO] [Configured/]: Registering config factory for mod jearchaeology. Found 1 config(s)
[27pro2025 00:29:01.752] [Render thread/INFO] [Configured/]: Registering config factory for mod projectvibrantjourneys. Found 1 config(s)
[27pro2025 00:29:01.752] [Render thread/INFO] [Configured/]: Registering config factory for mod camera. Found 2 config(s)
[27pro2025 00:29:01.752] [Render thread/INFO] [Configured/]: Registering config factory for mod elevatorid. Found 1 config(s)
[27pro2025 00:29:01.752] [Render thread/INFO] [Configured/]: Registering config factory for mod create_hypertube. Found 2 config(s)
[27pro2025 00:29:01.753] [Render thread/INFO] [Configured/]: Registering config factory for mod aiimprovements. Found 1 config(s)
[27pro2025 00:29:01.753] [Render thread/INFO] [Configured/]: Registering config factory for mod betteradvancements. Found 1 config(s)
[27pro2025 00:29:01.754] [Render thread/INFO] [Configured/]: Registering config factory for mod pamhc2trees. Found 1 config(s)
[27pro2025 00:29:01.754] [Render thread/INFO] [Configured/]: Registering config factory for mod copycats. Found 3 config(s)
[27pro2025 00:29:01.754] [Render thread/INFO] [Configured/]: Registering config factory for mod productivemetalworks. Found 1 config(s)
[27pro2025 00:29:01.754] [Render thread/INFO] [Configured/]: Registering config factory for mod create_dragons_plus. Found 3 config(s)
[27pro2025 00:29:01.755] [Render thread/INFO] [Configured/]: Registering config factory for mod explorerscompass. Found 2 config(s)
[27pro2025 00:29:01.755] [Render thread/INFO] [Configured/]: Registering config factory for mod toastcontrol. Found 1 config(s)
[27pro2025 00:29:01.757] [Render thread/INFO] [Configured/]: Registering config factory for mod mysticalagriculture. Found 1 config(s)
[27pro2025 00:29:01.758] [Render thread/INFO] [Configured/]: Registering config factory for mod easy_villagers. Found 2 config(s)
[27pro2025 00:29:01.758] [Render thread/INFO] [Configured/]: Registering config factory for mod storagedrawers. Found 2 config(s)
[27pro2025 00:29:01.758] [Render thread/INFO] [Configured/]: Registering config factory for mod fluxnetworks. Found 3 config(s)
[27pro2025 00:29:01.759] [Render thread/INFO] [Configured/]: Registering config factory for mod ars_elemental. Found 32 config(s)
[27pro2025 00:29:01.759] [Render thread/INFO] [Configured/]: Registering config factory for mod irons_spellbooks. Found 2 config(s)
[27pro2025 00:29:01.759] [Render thread/INFO] [Configured/]: Registering config factory for mod buildinggadgets2. Found 1 config(s)
[27pro2025 00:29:01.759] [Render thread/INFO] [Configured/]: Registering config factory for mod functionalstorage. Found 2 config(s)
[27pro2025 00:29:01.760] [Render thread/INFO] [Configured/]: Registering config factory for mod lodestone. Found 1 config(s)
[27pro2025 00:29:01.760] [Render thread/INFO] [Configured/]: Registering config factory for mod createaddition. Found 1 config(s)
[27pro2025 00:29:01.761] [Render thread/INFO] [Configured/]: Registering config factory for mod ironjetpacks. Found 2 config(s)
[27pro2025 00:29:01.762] [Render thread/INFO] [Configured/]: Registering config factory for mod xnet. Found 2 config(s)
[27pro2025 00:29:01.762] [Render thread/INFO] [Configured/]: Registering config factory for mod createcasing. Found 1 config(s)
[27pro2025 00:29:01.762] [Render thread/INFO] [Configured/]: Registering config factory for mod jeresources. Found 1 config(s)
[27pro2025 00:29:01.763] [Render thread/INFO] [Configured/]: Registering config factory for mod mysticalagradditions. Found 1 config(s)
[27pro2025 00:29:01.763] [Render thread/INFO] [Configured/]: Registering config factory for mod ctov. Found 1 config(s)
[27pro2025 00:29:01.763] [Render thread/INFO] [Configured/]: Registering config factory for mod torchmaster. Found 1 config(s)
[27pro2025 00:29:01.763] [Render thread/INFO] [Configured/]: Registering config factory for mod chefsdelight. Found 1 config(s)
[27pro2025 00:29:01.763] [Render thread/INFO] [Configured/]: Registering config factory for mod ironfurnaces. Found 1 config(s)
[27pro2025 00:29:01.763] [Render thread/INFO] [Configured/]: Registering config factory for mod curios. Found 3 config(s)
[27pro2025 00:29:01.764] [Render thread/INFO] [Configured/]: Registering config factory for mod sliceanddice. Found 2 config(s)
[27pro2025 00:29:01.764] [Render thread/INFO] [Configured/]: Registering config factory for mod mowziesmobs. Found 2 config(s)
[27pro2025 00:29:01.768] [Render thread/INFO] [Configured/]: Registering config factory for mod jei. Found 5 config(s)
[27pro2025 00:29:01.769] [Render thread/INFO] [Configured/]: Registering config factory for mod invtweaks. Found 1 config(s)
[27pro2025 00:29:01.769] [Render thread/INFO] [Configured/]: Registering config factory for mod naturescompass. Found 2 config(s)
[27pro2025 00:29:01.769] [Render thread/INFO] [Configured/]: Registering config factory for mod ars_nouveau. Found 89 config(s)
[27pro2025 00:29:01.770] [Render thread/INFO] [Configured/]: Registering config factory for mod more_immersive_wires. Found 2 config(s)
[27pro2025 00:29:01.770] [Render thread/INFO] [Configured/]: Registering config factory for mod immersiveengineering. Found 3 config(s)
[27pro2025 00:29:01.771] [Render thread/INFO] [Configured/]: Registering config factory for mod createoreexcavation. Found 2 config(s)
[27pro2025 00:29:01.771] [Render thread/INFO] [Configured/]: Registering config factory for mod pipez. Found 1 config(s)
[27pro2025 00:29:01.771] [Render thread/INFO] [Configured/]: Registering config factory for mod megacells. Found 1 config(s)
[27pro2025 00:29:01.772] [Render thread/INFO] [Configured/]: Registering config factory for mod crittersandcompanions. Found 1 config(s)
[27pro2025 00:29:01.772] [Render thread/INFO] [Configured/]: Registering config factory for mod cyclopscore. Found 1 config(s)
[27pro2025 00:29:01.773] [Render thread/INFO] [Configured/]: Registering config factory for mod ars_additions. Found 5 config(s)
[27pro2025 00:29:01.773] [Render thread/INFO] [Configured/]: Registering config factory for mod incontrol. Found 1 config(s)
[27pro2025 00:29:01.773] [Render thread/INFO] [Configured/]: Registering config factory for mod create_central_kitchen. Found 2 config(s)
[27pro2025 00:29:01.773] [Render thread/INFO] [Configured/]: Registering config factory for mod jeed. Found 1 config(s)
[27pro2025 00:29:01.774] [Render thread/INFO] [Configured/]: Registering config factory for mod arseng. Found 1 config(s)
[27pro2025 00:29:01.774] [Render thread/INFO] [Configured/]: Registering config factory for mod appflux. Found 1 config(s)
[27pro2025 00:29:01.774] [Render thread/INFO] [Configured/]: Registering config factory for mod farmersdelight. Found 2 config(s)
[27pro2025 00:29:01.775] [Render thread/INFO] [Configured/]: Registering config factory for mod commoncapabilities. Found 1 config(s)
[27pro2025 00:29:01.775] [Render thread/INFO] [Configured/]: Registering config factory for mod endersdelight. Found 1 config(s)
[27pro2025 00:29:01.775] [Render thread/INFO] [Configured/]: Registering config factory for mod merequester. Found 1 config(s)
[27pro2025 00:29:01.775] [Render thread/INFO] [Configured/]: Registering config factory for mod realisticnametag. Found 1 config(s)
[27pro2025 00:29:01.775] [Render thread/INFO] [Configured/]: Registering config factory for mod patchouli. Found 1 config(s)
[27pro2025 00:29:01.777] [Render thread/INFO] [Configured/]: Registering config factory for mod rftoolsstorage. Found 2 config(s)
[27pro2025 00:29:01.777] [Render thread/INFO] [Configured/]: Registering config factory for mod betterthirdperson. Found 1 config(s)
[27pro2025 00:29:01.777] [Render thread/INFO] [Configured/]: Registering config factory for mod bigreactors. Found 2 config(s)
[27pro2025 00:29:01.779] [Render thread/INFO] [Configured/]: Registering config factory for mod refurbished_furniture. Found 2 config(s)
[27pro2025 00:29:01.779] [Render thread/INFO] [Configured/]: Registering config factory for mod justdirethings. Found 2 config(s)
[27pro2025 00:29:01.780] [Render thread/INFO] [Configured/]: Registering config factory for mod moremekanismprocessing. Found 2 config(s)
[27pro2025 00:29:01.780] [Render thread/INFO] [Configured/]: Registering config factory for mod inventorysorter. Found 2 config(s)
[27pro2025 00:29:01.780] [Render thread/INFO] [Configured/]: Registering config factory for mod cucumber. Found 2 config(s)
[27pro2025 00:29:01.780] [Render thread/INFO] [Configured/]: Registering config factory for mod sophisticatedstorage. Found 3 config(s)
[27pro2025 00:29:01.781] [Render thread/INFO] [Configured/]: Registering config factory for mod createenchantablemachinery. Found 2 config(s)
[27pro2025 00:29:01.781] [Render thread/INFO] [Configured/]: Registering config factory for mod productivelib. Found 1 config(s)
[27pro2025 00:29:01.781] [Render thread/INFO] [Configured/]: Registering config factory for mod createappliedkinetics. Found 1 config(s)
[27pro2025 00:29:01.781] [Render thread/INFO] [Configured/]: Registering config factory for mod charginggadgets. Found 1 config(s)
[27pro2025 00:29:01.782] [Render thread/INFO] [Configured/]: Registering config factory for mod mcjtylib. Found 2 config(s)
[27pro2025 00:29:01.782] [Render thread/INFO] [Configured/]: Registering config factory for mod blockrandomizer. Found 1 config(s)
[27pro2025 00:29:01.782] [Render thread/INFO] [Configured/]: Registering config factory for mod tfmg. Found 2 config(s)
[27pro2025 00:29:01.782] [Render thread/INFO] [Configured/]: Registering config factory for mod rftoolsutility. Found 2 config(s)
[27pro2025 00:29:01.783] [Render thread/INFO] [Configured/]: Registering config factory for mod borninconfiguration. Found 1 config(s)
[27pro2025 00:29:01.783] [Render thread/INFO] [Configured/]: Registering config factory for mod toolbelt. Found 3 config(s)
[27pro2025 00:29:01.783] [Render thread/INFO] [Configured/]: Registering config factory for mod titanium. Found 2 config(s)
[27pro2025 00:29:01.783] [Render thread/INFO] [Configured/]: Registering config factory for mod displaydelight. Found 1 config(s)
[27pro2025 00:29:01.783] [Render thread/INFO] [Configured/]: Registering config factory for mod ribbits. Found 1 config(s)
[27pro2025 00:29:01.783] [Render thread/INFO] [Configured/]: Registering config factory for mod create_sa. Found 1 config(s)
[27pro2025 00:29:01.783] [Render thread/INFO] [Configured/]: Registering config factory for mod expandeddelight. Found 1 config(s)
[27pro2025 00:29:01.784] [Render thread/INFO] [Configured/]: Registering config factory for mod jei_mekanism_multiblocks. Found 1 config(s)
[27pro2025 00:29:01.784] [Render thread/INFO] [Configured/]: Registering config factory for mod coroutil. Found 4 config(s)
[27pro2025 00:29:01.784] [Render thread/INFO] [Configured/]: Registering config factory for mod colorwheel. Found 1 config(s)
[27pro2025 00:29:01.784] [Render thread/INFO] [Configured/]: Registering config factory for mod chiselsandbits. Found 3 config(s)
[27pro2025 00:29:01.785] [Render thread/INFO] [JamLib/]: Registering config screens for mods
[27pro2025 00:29:02.134] [Render thread/INFO] [CorgiLib/]: Initializing network...
[27pro2025 00:29:02.141] [Render thread/INFO] [CorgiLib/]: Initialized network!
[27pro2025 00:29:03.971] [Render thread/WARN] [net.minecraft.client.sounds.SoundEngine/]: Missing sound for event: minecraft:item.goat_horn.play
[27pro2025 00:29:03.972] [Render thread/WARN] [net.minecraft.client.sounds.SoundEngine/]: Missing sound for event: minecraft:entity.goat.screaming.horn_break
[27pro2025 00:29:03.972] [Render thread/WARN] [net.minecraft.client.sounds.SoundEngine/]: Missing sound for event: supplementaries:entity.plunderer.cannon_use
[27pro2025 00:29:03.972] [Render thread/WARN] [net.minecraft.client.sounds.SoundEngine/]: Missing sound for event: irons_spellbooks:entity.generic.swing_weird
[27pro2025 00:29:03.973] [Render thread/WARN] [net.minecraft.client.sounds.SoundEngine/]: Missing sound for event: sounds:item.hard_metal.hold
[27pro2025 00:29:03.973] [Render thread/WARN] [net.minecraft.client.sounds.SoundEngine/]: Missing sound for event: sounds:item.shiny_metal.hold
[27pro2025 00:29:04.074] [Render thread/INFO] [com.mojang.blaze3d.audio.Library/]: OpenAL initialized on device OpenAL Soft on Reproduktory (HyperX Cloud III S Wireless)
[27pro2025 00:29:04.074] [Render thread/INFO] [Sound Physics - General/]: Initializing Sound Physics
[27pro2025 00:29:04.074] [Render thread/INFO] [Sound Physics - General/]: EFX Extension recognized
[27pro2025 00:29:04.074] [Render thread/INFO] [Sound Physics - General/]: Max auxiliary sends: 4
[27pro2025 00:29:04.081] [Render thread/INFO] [Sound Physics - General/]: Aux slot 1 created
[27pro2025 00:29:04.081] [Render thread/INFO] [Sound Physics - General/]: Aux slot 2 created
[27pro2025 00:29:04.081] [Render thread/INFO] [Sound Physics - General/]: Aux slot 3 created
[27pro2025 00:29:04.081] [Render thread/INFO] [Sound Physics - General/]: Aux slot 4 created
[27pro2025 00:29:04.085] [Render thread/INFO] [Sound Physics - General/]: EFX ready
[27pro2025 00:29:04.089] [Render thread/INFO] [net.minecraft.client.sounds.SoundEngine/SOUNDS]: Sound engine started
[27pro2025 00:29:04.117] [Render thread/INFO] [net.minecraft.client.sounds.SoundEngine/]: [FANCYMENU] Reloading AudioResourceHandler after Minecraft SoundEngine reload..
[27pro2025 00:29:04.720] [Render thread/INFO] [mod.chiselsandbits.client.reloading.ClientResourceReloadingManager/]: Resetting client caches
[27pro2025 00:29:04.722] [Render thread/INFO] [mod.chiselsandbits.reloading.DataReloadingResourceManager/]: Resetting common caches
[27pro2025 00:29:04.722] [Render thread/INFO] [net.minecraft.client.renderer.texture.TextureAtlas/]: Created: 256x256x0 chiselsandbits:textures/atlases/icons.png-atlas
[27pro2025 00:29:04.785] [Render thread/INFO] [net.minecraft.client.renderer.texture.TextureAtlas/]: Created: 8192x8192x4 minecraft:textures/atlas/blocks.png-atlas
[27pro2025 00:29:06.451] [Render thread/INFO] [net.minecraft.client.renderer.texture.TextureAtlas/]: Created: 512x512x4 minecraft:textures/atlas/signs.png-atlas
[27pro2025 00:29:06.517] [Render thread/INFO] [net.minecraft.client.renderer.texture.TextureAtlas/]: Created: 64x64x4 refurbished_furniture:textures/atlas/tv_channels.png-atlas
[27pro2025 00:29:06.552] [Render thread/INFO] [net.minecraft.client.renderer.texture.TextureAtlas/]: Created: 1024x512x4 minecraft:textures/atlas/banner_patterns.png-atlas
[27pro2025 00:29:06.666] [Render thread/INFO] [net.minecraft.client.renderer.texture.TextureAtlas/]: Created: 1024x512x4 minecraft:textures/atlas/shield_patterns.png-atlas
[27pro2025 00:29:06.738] [Render thread/INFO] [net.minecraft.client.renderer.texture.TextureAtlas/]: Created: 2048x2048x4 minecraft:textures/atlas/armor_trims.png-atlas
[27pro2025 00:29:07.364] [Render thread/INFO] [net.minecraft.client.renderer.texture.TextureAtlas/]: Created: 128x128x4 minecraft:textures/atlas/decorated_pot.png-atlas
[27pro2025 00:29:07.420] [Render thread/INFO] [net.minecraft.client.renderer.texture.TextureAtlas/]: Created: 1024x1024x4 minecraft:textures/atlas/chest.png-atlas
[27pro2025 00:29:07.532] [Render thread/INFO] [net.minecraft.client.renderer.texture.TextureAtlas/]: Created: 512x256x4 minecraft:textures/atlas/shulker_boxes.png-atlas
[27pro2025 00:29:07.574] [Render thread/INFO] [net.minecraft.client.renderer.texture.TextureAtlas/]: Created: 512x256x4 minecraft:textures/atlas/beds.png-atlas
[27pro2025 00:29:31.465] [Render thread/ERROR] [EMF/]: [EMF]: model attempted creation more than 64 times {minecraft:player_head#main]. EMF is now ignoring this model. Please inform the mod maker that this is not how entity models are meant to be utilised. They should ALWAYS be stored and reused.
[27pro2025 00:29:31.648] [Render thread/ERROR] [EMF/]: [EMF]: model attempted creation more than 64 times {minecraft:skeleton_skull#main]. EMF is now ignoring this model. Please inform the mod maker that this is not how entity models are meant to be utilised. They should ALWAYS be stored and reused.
[27pro2025 00:29:31.648] [Render thread/ERROR] [EMF/]: [EMF]: model attempted creation more than 64 times {minecraft:wither_skeleton_skull#main]. EMF is now ignoring this model. Please inform the mod maker that this is not how entity models are meant to be utilised. They should ALWAYS be stored and reused.
[27pro2025 00:29:31.648] [Render thread/ERROR] [EMF/]: [EMF]: model attempted creation more than 64 times {minecraft:zombie_head#main]. EMF is now ignoring this model. Please inform the mod maker that this is not how entity models are meant to be utilised. They should ALWAYS be stored and reused.
[27pro2025 00:29:31.648] [Render thread/ERROR] [EMF/]: [EMF]: model attempted creation more than 64 times {minecraft:creeper_head#main]. EMF is now ignoring this model. Please inform the mod maker that this is not how entity models are meant to be utilised. They should ALWAYS be stored and reused.
[27pro2025 00:29:31.655] [Render thread/ERROR] [EMF/]: [EMF]: model attempted creation more than 64 times {minecraft:piglin_head#main]. EMF is now ignoring this model. Please inform the mod maker that this is not how entity models are meant to be utilised. They should ALWAYS be stored and reused.
[27pro2025 00:29:31.665] [Render thread/ERROR] [EMF/]: [EMF]: model attempted creation more than 64 times {minecraft:enderman_head#main]. EMF is now ignoring this model. Please inform the mod maker that this is not how entity models are meant to be utilised. They should ALWAYS be stored and reused.
[27pro2025 00:29:31.665] [Render thread/ERROR] [EMF/]: [EMF]: model attempted creation more than 64 times {supplementaries:enderman_head#enderman_head]. EMF is now ignoring this model. Please inform the mod maker that this is not how entity models are meant to be utilised. They should ALWAYS be stored and reused.
[27pro2025 00:29:31.987] [Render thread/ERROR] [EMF/]: [EMF]: model attempted creation more than 64 times {minecraft:dragon_skull#main]. EMF is now ignoring this model. Please inform the mod maker that this is not how entity models are meant to be utilised. They should ALWAYS be stored and reused.
[27pro2025 00:29:31.996] [Render thread/ERROR] [EMF/]: [EMF]: model attempted creation more than 64 times {supplementaries:spider_head#spider_head]. EMF is now ignoring this model. Please inform the mod maker that this is not how entity models are meant to be utilised. They should ALWAYS be stored and reused.
[27pro2025 00:29:34.455] [Render thread/ERROR] [EMF/]: [EMF]: model attempted creation more than 64 times {minecraft:elytra#main]. EMF is now ignoring this model. Please inform the mod maker that this is not how entity models are meant to be utilised. They should ALWAYS be stored and reused.
[27pro2025 00:29:36.887] [Render thread/INFO] [net.minecraft.client.renderer.texture.TextureAtlas/]: Created: 2048x2048x0 minecraft:textures/atlas/particles.png-atlas
[27pro2025 00:29:37.225] [Render thread/INFO] [net.minecraft.client.renderer.texture.TextureAtlas/]: Created: 512x512x0 minecraft:textures/atlas/paintings.png-atlas
[27pro2025 00:29:37.271] [Render thread/INFO] [net.minecraft.client.renderer.texture.TextureAtlas/]: Created: 512x256x0 minecraft:textures/atlas/mob_effects.png-atlas
[27pro2025 00:29:37.332] [Render thread/INFO] [net.minecraft.client.renderer.texture.TextureAtlas/]: Created: 256x256x0 minecraft:textures/atlas/map_decorations.png-atlas
[27pro2025 00:29:37.377] [Render thread/INFO] [net.minecraft.client.renderer.texture.TextureAtlas/]: Created: 2048x1024x0 minecraft:textures/atlas/gui.png-atlas
[27pro2025 00:29:38.105] [Render thread/WARN] [net.minecraft.client.renderer.ShaderInstance/]: Shader rendertype_entity_translucent_emissive could not find sampler named Sampler2 in the specified shader program.
[27pro2025 00:29:39.359] [Render thread/WARN] [net.minecraft.client.renderer.ShaderInstance/]: Shader fdbosses:malkuth_boss_bar could not find sampler named Sampler0 in the specified shader program.
[27pro2025 00:29:39.359] [Render thread/WARN] [net.minecraft.client.renderer.ShaderInstance/]: Shader fdbosses:malkuth_boss_bar could not find uniform named ColorModulator in the specified shader program.
[27pro2025 00:29:39.359] [Render thread/WARN] [net.minecraft.client.renderer.ShaderInstance/]: Shader fdbosses:malkuth_boss_bar could not find uniform named sections in the specified shader program.
[27pro2025 00:29:39.359] [Render thread/WARN] [net.minecraft.client.renderer.ShaderInstance/]: Shader fdbosses:malkuth_boss_bar could not find uniform named octaves in the specified shader program.
[27pro2025 00:29:39.545] [Render thread/WARN] [net.minecraft.client.renderer.ShaderInstance/]: Shader fdlib:noise could not find sampler named Sampler0 in the specified shader program.
[27pro2025 00:29:39.547] [Render thread/WARN] [net.minecraft.client.renderer.ShaderInstance/]: Shader fdlib:noise could not find uniform named ColorModulator in the specified shader program.
[27pro2025 00:29:39.630] [Render thread/INFO] [team.lodestar.lodestone.LodestoneLib/]: Registering shaders for mod: lodestone
[27pro2025 00:29:39.972] [Render thread/INFO] [team.lodestar.lodestone.LodestoneLib/]: Loaded geometry program: lodestone:nineslice/nine_slice
[27pro2025 00:29:40.023] [Render thread/INFO] [team.lodestar.lodestone.LodestoneLib/]: Loaded geometry program: lodestone:nineslice/distorted/distorted_nine_slice_texture
[27pro2025 00:29:40.120] [Render thread/WARN] [team.lodestar.lodestone.LodestoneLib/]: Compute shaders are not supported on this system (OpenGL 3.2)
[27pro2025 00:29:41.701] [Render thread/WARN] [net.minecraft.client.renderer.ShaderInstance/]: Shader brandonscore:contributor/patreon_core could not find uniform named Transition in the specified shader program.
[27pro2025 00:29:42.939] [Render thread/WARN] [net.minecraft.client.renderer.ShaderInstance/]: Shader ars_nouveau:rainbow_entity could not find uniform named IViewRotMat in the specified shader program.
[27pro2025 00:29:42.980] [Render thread/WARN] [net.minecraft.client.renderer.ShaderInstance/]: Shader ars_nouveau:blamed_entity could not find uniform named IViewRotMat in the specified shader program.
[27pro2025 00:29:43.124] [Render thread/WARN] [net.minecraft.client.renderer.ShaderInstance/]: Shader relics:reveal_panel could not find uniform named ColorModulator in the specified shader program.
[27pro2025 00:29:43.124] [Render thread/WARN] [net.minecraft.client.renderer.ShaderInstance/]: Shader relics:reveal_panel could not find uniform named color in the specified shader program.
[27pro2025 00:29:43.540] [Render thread/WARN] [net.minecraft.client.renderer.ShaderInstance/]: Shader position_tex_blur could not find uniform named ColorModulator in the specified shader program.
[27pro2025 00:29:43.564] [Render thread/WARN] [net.minecraft.client.renderer.ShaderInstance/]: Shader position_tex_blur_horizontal could not find uniform named ColorModulator in the specified shader program.
[27pro2025 00:29:43.581] [Render thread/WARN] [net.minecraft.client.renderer.ShaderInstance/]: Shader position_tex_blur_vertical could not find uniform named ColorModulator in the specified shader program.
[27pro2025 00:30:04.110] [Render thread/INFO] [net.neoforged.neoforge.client.entity.animation.json.AnimationLoader/]: Loaded 0 entity animations
[27pro2025 00:30:04.151] [Render thread/WARN] [net.minecraft.client.renderer.EffectInstance/]: Shader fdlib:impact_frame could not find uniform named InSize in the specified shader program.
[27pro2025 00:30:04.458] [Render thread/INFO] [net.minecraft.client.renderer.texture.TextureAtlas/]: Created: 512x256x0 codechickenlib:textures/atlas/gui.png-atlas
[27pro2025 00:30:04.501] [Render thread/INFO] [net.minecraft.client.renderer.texture.TextureAtlas/]: Created: 512x512x0 brandonscore:textures/atlas/gui.png-atlas
[27pro2025 00:30:04.551] [Render thread/INFO] [net.minecraft.client.renderer.texture.TextureAtlas/]: Created: 256x256x0 draconicevolution:textures/atlas/module.png-atlas
[27pro2025 00:30:04.595] [Render thread/INFO] [net.minecraft.client.renderer.texture.TextureAtlas/]: Created: 2048x2048x0 draconicevolution:textures/atlas/gui.png-atlas
[27pro2025 00:30:04.653] [Render thread/INFO] [net.minecraft.client.renderer.texture.TextureAtlas/]: Created: 256x256x0 jei:textures/atlas/gui.png-atlas
[27pro2025 00:30:04.785] [Render thread/INFO] [net.minecraft.client.renderer.texture.TextureAtlas/]: Created: 512x256x0 mekanism:textures/atlas/robit.png-atlas
[27pro2025 00:30:05.091] [Render thread/INFO] [XaeroPlus/]: Reloaded Shaders
[27pro2025 00:30:05.253] [Render thread/INFO] [xaero.hud.minimap.MinimapLogs/]: Successfully reloaded the minimap shaders!
[27pro2025 00:30:05.334] [Render thread/INFO] [xaero.map.WorldMap/]: Successfully reloaded the world map shaders!
[27pro2025 00:30:05.343] [Render thread/INFO] [net.minecraft.client.renderer.texture.TextureAtlas/]: Created: 512x512x0 twilightforest:textures/atlas/magic_paintings.png-atlas
[27pro2025 00:30:05.413] [Render thread/INFO] [patchouli/]: BookContentResourceListenerLoader preloaded 2728 jsons
[27pro2025 00:30:07.554] [Render thread/INFO] [net.minecraft.client.renderer.texture.TextureAtlas/]: Created: 512x256x0 polylib:textures/atlas/gui.png-atlas
[27pro2025 00:30:07.638] [Render thread/INFO] [guideme.internal.GuideReloadListener/]: Data driven guides: []
[27pro2025 00:30:07.780] [Render thread/INFO] [flywheel/backend/shaders/]: Loaded 112 shader sources in 115,584 ms
[27pro2025 00:30:07.852] [Render thread/INFO] [com.simibubi.create.Create/]: Loaded 58 train hat configurations.
[27pro2025 00:30:07.852] [Render thread/INFO] [de.keksuccino.fancymenu.util.resource.ResourceHandlers/]: [FANCYMENU] Reloading resources..
[27pro2025 00:30:07.855] [Render thread/INFO] [de.keksuccino.fancymenu.util.resource.preload.ResourcePreLoader/]: [FANCYMENU] Pre-loading resources..
[27pro2025 00:30:08.078] [Render thread/WARN] [flywheel/]: Flywheel backend fell back from 'colorwheel:instancing' to 'flywheel:instancing'
[27pro2025 00:30:08.103] [Render thread/INFO] [de.keksuccino.fancymenu.customization.layer.ScreenCustomizationLayerHandler/]: [FANCYMENU] Minecraft resource reload: FINISHED
[27pro2025 00:30:08.103] [Render thread/INFO] [Entity Texture Features/]: [ETF]: reloading ETF data.
[27pro2025 00:30:08.116] [Render thread/INFO] [Entity Texture Features/]: [ETF]: emissive suffixes loaded: {_e}
[27pro2025 00:30:08.140] [Render thread/INFO] [snownee.kiwi.Kiwi/]: Canceling Microsoft telemetry
[27pro2025 00:30:08.148] [Render thread/INFO] [DistantHorizons-DistantHorizons-com.seibel.distanthorizons.core.jar.updater.SelfUpdater/]: Checking for Distant Horizons update
[27pro2025 00:30:09.112] [Render thread/INFO] [DistantHorizons-DistantHorizons-com.seibel.distanthorizons.core.jar.updater.SelfUpdater/]: Distant Horizons already up to date.
[27pro2025 00:30:09.114] [Render thread/INFO] [com.cupboard.Cupboard/]: Loaded config for: lootintegrations.json
[27pro2025 00:30:09.117] [Render thread/INFO] [de.keksuccino.fancymenu.customization.layer.ScreenCustomizationLayerHandler/]: [FANCYMENU] ScreenCustomizationLayer registered: title_screen
[27pro2025 00:30:09.152] [Render thread/INFO] [Iris/]: Creating pipeline for dimension minecraft:overworld
